<?xml version="1.0" encoding="UTF-8"?>
<testsuite xmlns:xsi="http://www.w3.org/2001/XMLSchema-instance" xsi:noNamespaceSchemaLocation="https://maven.apache.org/surefire/maven-surefire-plugin/xsd/surefire-test-report-3.0.xsd" version="3.0" name="com.coffeetech.selenium.AppTest" time="5.791" tests="1" errors="0" skipped="0" failures="0">
  <properties>
[...]
</properties>
  <testcase name="testWebsite" classname="com.coffeetech.selenium.AppTest" time="1.3">
    <system-err><![CDATA[1647883659073	geckodriver	INFO	Listening on 127.0.0.1:50595
1647883659356	mozrunner::runner	INFO	Running command: "/Applications/Firefox.app/Contents/MacOS/firefox-bin" "--marionette" "--remote-debugging-port" "55753" "-foreground" "-no-remote" "-profile" "/var/folders/hf/1lxbj1mn5xd05h0znvgpyzb00000gn/T/rust_mozprofilef8BxQN"
1647883659787	Marionette	INFO	Marionette enabled
2022-03-21 13:27:40.572 firefox-bin[73396:754841] Warning: Expected min height of view: (<NSButton: 0x128623000>) to be less than or equal to 30 but got a height of 32.000000. This error will be logged once per view in violation.
2022-03-21 13:27:40.573 firefox-bin[73396:754841] Warning: Expected min height of view: (<NSButton: 0x1287ec400>) to be less than or equal to 30 but got a height of 32.000000. This error will be logged once per view in violation.
2022-03-21 13:27:40.573 firefox-bin[73396:754841] Warning: Expected min height of view: (<NSButton: 0x1287ee800>) to be less than or equal to 30 but got a height of 32.000000. This error will be logged once per view in violation.
2022-03-21 13:27:40.574 firefox-bin[73396:754841] Warning: Expected min height of view: (<NSButton: 0x1287ef800>) to be less than or equal to 30 but got a height of 32.000000. This error will be logged once per view in violation.
2022-03-21 13:27:40.574 firefox-bin[73396:754841] Warning: Expected min height of view: (<NSButton: 0x1287ec800>) to be less than or equal to 30 but got a height of 32.000000. This error will be logged once per view in violation.
2022-03-21 13:27:40.575 firefox-bin[73396:754841] Warning: Expected min height of view: (<NSPopoverTouchBarItemButton: 0x1287e8800>) to be less than or equal to 30 but got a height of 32.000000. This error will be logged once per view in violation.
2022-03-21 13:27:40.575 firefox-bin[73396:754841] Warning: Expected min height of view: (<NSPopoverTouchBarItemButton: 0x11f2c3800>) to be less than or equal to 30 but got a height of 32.000000. This error will be logged once per view in violation.
console.warn: SearchSettings: "get: No settings file exists, new profile?" (new NotFoundError("Could not open the file at /var/folders/hf/1lxbj1mn5xd05h0znvgpyzb00000gn/T/rust_mozprofilef8BxQN/search.json.mozlz4", (void 0)))
console.error: BackgroundUpdate: 
  _reasonsToNotScheduleUpdates: Failed to check for Maintenance Service Registry Key: [Exception... "Component returned failure code: 0x80004001 (NS_ERROR_NOT_IMPLEMENTED) [nsIUpdateProcessor.getServiceRegKeyExists]"  nsresult: "0x80004001 (NS_ERROR_NOT_IMPLEMENTED)"  location: "JS frame :: resource://gre/modules/BackgroundUpdate.jsm :: _reasonsToNotScheduleUpdates :: line 241"  data: no]
DevTools listening on ws://localhost:55753/devtools/browser/2e3ba012-3238-4780-beac-7a86c4505a08
1647883661893	Marionette	INFO	Listening on port 53974
1647883661972	RemoteAgent	WARN	TLS certificate errors will be ignored for this session
Mar 21, 2022 1:27:42 PM org.openqa.selenium.remote.ProtocolHandshake createSession
INFO: Detected dialect: W3C
[main] INFO com.coffeetech.selenium.AppTest - Starting test [testWebsite]
[main] INFO com.coffeetech.selenium.AppTest - Google
[main] INFO com.coffeetech.selenium.AppTest - Ending test testWebsite
]]></system-err>
  </testcase>
</testsuite>